<?xml version="1.0" encoding="UTF-8"?>
<!-- Generated by org.testng.reporters.JUnitXMLReporter -->
<testsuite ignored="0" hostname="LAPTOP-M2DO8JV9" failures="0" tests="1" name="ChromeTest" time="0.231" errors="0" timestamp="2024-07-22T18:33:00 IST">
  <testcase classname="glue.gluewebapp.library.BaseClass" name="@BeforeSuite initialize" time="0.044">
    <failure type="java.lang.RuntimeException" message="Failed to call launch browser method: launchingbrowserChrome">
      <![CDATA[java.lang.RuntimeException: Failed to call launch browser method: launchingbrowserChrome
at glue.gluewebapp.library.BaseClass.initialize(BaseClass.java:52)
Caused by: java.lang.NoSuchMethodException: glue.gluewebapp.testcases.LoginTest.launchingbrowserChrome()
at java.base/java.lang.Class.getDeclaredMethod(Class.java:2675)
at glue.gluewebapp.library.BaseClass.initialize(BaseClass.java:46)
... 19 more
... Removed 19 stack frames]]>
    </failure>
  </testcase> <!-- @BeforeSuite initialize -->
  <testcase classname="glue.gluewebapp.library.BaseClass" name="@AfterMethod closeBrowser" time="-1.721653380053E9">
    <skipped/>
  </testcase> <!-- @AfterMethod closeBrowser -->
  <testcase classname="glue.gluewebapp.testcases.LoginTest" name="CheckLaunch" time="0.0">
    <skipped/>
  </testcase> <!-- CheckLaunch -->
</testsuite> <!-- ChromeTest -->
